2019-04-10 22:01:52,512-ERROR-52-My_log.py-登录-[日志信息]-延时等待超时
2019-04-10 22:01:52,516-ERROR-52-My_log.py-投标-[日志信息]-点击抢投标失败
2019-04-10 22:03:31,661-ERROR-52-My_log.py-投资日志-[日志信息]-登录失败
2019-04-10 22:03:52,170-ERROR-52-My_log.py-登录-[日志信息]-延时等待超时
2019-04-10 22:06:14,113-ERROR-52-My_log.py-登录-[日志信息]-延时等待超时
2019-04-10 22:06:14,116-ERROR-52-My_log.py-投标-[日志信息]-点击抢投标失败
2019-04-10 22:07:24,742-ERROR-52-My_log.py-投资日志-[日志信息]-登录失败
2019-04-10 22:07:45,248-ERROR-52-My_log.py-登录-[日志信息]-延时等待超时
2019-04-10 22:09:02,342-ERROR-52-My_log.py-登录-[日志信息]-延时等待超时
2019-04-10 22:09:02,344-ERROR-52-My_log.py-投标-[日志信息]-点击抢投标失败
2019-04-10 22:10:06,366-ERROR-52-My_log.py-投资日志-[日志信息]-登录失败
2019-04-10 22:10:57,172-ERROR-52-My_log.py-登录-[日志信息]-延时等待超时
2019-04-10 22:10:57,175-ERROR-52-My_log.py-投标-[日志信息]-点击抢投标失败
2019-04-10 22:13:52,523-ERROR-52-My_log.py-投资日志-[日志信息]-登录失败
2019-04-10 22:14:12,622-ERROR-52-My_log.py-登录-[日志信息]-延时等待超时
2019-04-10 22:27:05,573-INFO-46-My_log.py-登录日志-[日志信息]-提示显示正确
2019-04-10 22:27:06,009-INFO-46-My_log.py-登录日志-[日志信息]-提示显示正确
2019-04-10 22:27:06,481-INFO-46-My_log.py-登录日志-[日志信息]-提示显示正确
2019-04-10 22:28:04,782-ERROR-52-My_log.py-登录-[日志信息]-延时等待超时
2019-04-10 22:28:04,785-ERROR-52-My_log.py-登录日志-[日志信息]-登录失败
2019-04-10 22:28:04,813-ERROR-52-My_log.py-登录-[日志信息]-延时等待超时
2019-04-10 22:30:01,194-ERROR-52-My_log.py-登录-[日志信息]-延时等待超时
2019-04-10 22:30:01,196-ERROR-52-My_log.py-投标-[日志信息]-点击抢投标失败
2019-04-10 22:32:33,056-ERROR-52-My_log.py-登录-[日志信息]-延时等待超时
2019-04-10 22:32:33,059-ERROR-52-My_log.py-投标-[日志信息]-点击抢投标失败
2019-04-10 22:33:27,711-ERROR-52-My_log.py-投资日志-[日志信息]-登录失败
2019-04-10 22:43:49,526-INFO-46-My_log.py-投标-[日志信息]-点击抢投标成功
2019-04-10 22:43:49,570-INFO-46-My_log.py-投标-[日志信息]-点击输入投标金额框成功
2019-04-10 22:43:49,571-ERROR-52-My_log.py-投标-[日志信息]-输入金额失败
2019-04-10 22:47:19,464-INFO-46-My_log.py-投标-[日志信息]-点击抢投标成功
2019-04-10 22:47:19,616-INFO-46-My_log.py-投标-[日志信息]-点击输入投标金额框成功
2019-04-10 22:47:19,618-ERROR-52-My_log.py-投标-[日志信息]-输入金额失败
2019-04-10 22:52:35,620-INFO-46-My_log.py-投标-[日志信息]-点击抢投标成功
2019-04-10 22:52:35,769-INFO-46-My_log.py-投标-[日志信息]-点击输入投标金额框成功
2019-04-10 22:52:35,772-ERROR-52-My_log.py-投标-[日志信息]-输入金额失败
2019-04-10 22:58:00,895-INFO-46-My_log.py-投标-[日志信息]-点击抢投标成功
2019-04-10 22:58:01,013-INFO-46-My_log.py-投标-[日志信息]-点击输入投标金额框成功
2019-04-10 22:58:01,015-ERROR-52-My_log.py-投标-[日志信息]-输入金额失败
2019-04-10 23:13:00,808-INFO-46-My_log.py-投标-[日志信息]-点击抢投标成功
2019-04-10 23:13:21,089-ERROR-52-My_log.py-登录-[日志信息]-延时等待超时
2019-04-10 23:13:21,090-ERROR-52-My_log.py-投标-[日志信息]-点击输入投标金额框失败
