2019-04-24 14:48:38,788-ERROR-52-My_log.py-登录-[日志信息]-延时等待超时
2019-04-24 14:48:48,912-ERROR-52-My_log.py-登录-[日志信息]-延时等待超时
2019-04-24 14:48:59,469-ERROR-52-My_log.py-登录-[日志信息]-延时等待超时
2019-04-24 14:49:11,221-ERROR-52-My_log.py-登录-[日志信息]-延时等待超时
2019-04-24 14:49:28,961-ERROR-52-My_log.py-登录-[日志信息]-延时等待超时
2019-04-24 14:50:42,544-ERROR-52-My_log.py-登录-[日志信息]-延时等待超时
2019-04-24 14:51:05,001-ERROR-52-My_log.py-登录-[日志信息]-延时等待超时
2019-04-24 14:51:27,654-ERROR-52-My_log.py-登录-[日志信息]-延时等待超时
2019-04-24 14:51:46,263-ERROR-52-My_log.py-登录-[日志信息]-延时等待超时
2019-04-24 15:00:21,592-ERROR-52-My_log.py-登录-[日志信息]-延时等待超时
2019-04-24 15:00:44,496-ERROR-52-My_log.py-登录-[日志信息]-延时等待超时
2019-04-24 15:00:53,280-ERROR-52-My_log.py-登录-[日志信息]-延时等待超时
2019-04-24 15:01:02,354-ERROR-52-My_log.py-登录-[日志信息]-延时等待超时
2019-04-24 15:01:12,185-ERROR-52-My_log.py-登录-[日志信息]-延时等待超时
2019-04-24 15:03:58,131-ERROR-52-My_log.py-登录-[日志信息]-延时等待超时
2019-04-24 15:04:08,515-ERROR-52-My_log.py-登录-[日志信息]-延时等待超时
2019-04-24 15:04:31,177-ERROR-52-My_log.py-登录-[日志信息]-延时等待超时
2019-04-24 15:04:40,465-ERROR-52-My_log.py-登录-[日志信息]-延时等待超时
2019-04-24 15:04:49,251-ERROR-52-My_log.py-登录-[日志信息]-延时等待超时
2019-04-24 15:40:09,562-ERROR-52-My_log.py-登录-[日志信息]-延时等待超时
2019-04-24 15:41:03,664-ERROR-52-My_log.py-登录-[日志信息]-延时等待超时
2019-04-24 15:41:26,332-ERROR-52-My_log.py-登录-[日志信息]-延时等待超时
2019-04-24 15:41:48,682-ERROR-52-My_log.py-登录-[日志信息]-延时等待超时
2019-04-24 15:42:14,751-ERROR-52-My_log.py-登录-[日志信息]-延时等待超时
2019-04-24 15:42:24,020-ERROR-52-My_log.py-登录-[日志信息]-延时等待超时
2019-04-24 16:35:09,977-INFO-46-My_log.py-登录日志-[日志信息]-登录成功
2019-04-24 16:35:40,884-INFO-46-My_log.py-登录日志-[日志信息]-提示显示正确
2019-04-24 16:35:41,086-INFO-46-My_log.py-登录日志-[日志信息]-提示显示正确
2019-04-24 16:35:41,295-INFO-46-My_log.py-登录日志-[日志信息]-提示显示正确
2019-04-24 16:36:34,406-INFO-46-My_log.py-登录日志-[日志信息]-提示显示正确
2019-04-24 16:36:34,601-INFO-46-My_log.py-登录日志-[日志信息]-提示显示正确
2019-04-24 16:36:34,803-INFO-46-My_log.py-登录日志-[日志信息]-提示显示正确
2019-04-24 16:36:35,184-INFO-46-My_log.py-登录日志-[日志信息]-登录成功
2019-04-24 17:36:17,905-INFO-46-My_log.py-投标-[日志信息]-点击抢投标成功
2019-04-24 17:36:18,005-INFO-46-My_log.py-投标-[日志信息]-输入金额成功
2019-04-24 17:36:18,082-INFO-46-My_log.py-投标-[日志信息]-点击投标成功
2019-04-24 17:37:53,394-INFO-46-My_log.py-投标-[日志信息]-点击抢投标成功
2019-04-24 17:37:53,465-INFO-46-My_log.py-投标-[日志信息]-输入金额成功
2019-04-24 17:37:53,546-INFO-46-My_log.py-投标-[日志信息]-点击投标成功
2019-04-24 17:38:14,155-ERROR-52-My_log.py-登录-[日志信息]-延时等待超时
2019-04-24 17:38:14,169-ERROR-52-My_log.py-投标-[日志信息]-点击抢投标失败
2019-04-24 17:38:14,187-ERROR-52-My_log.py-登录-[日志信息]-截图失败
2019-04-24 17:38:14,469-INFO-46-My_log.py-投标-[日志信息]-输入金额成功
2019-04-24 17:38:14,519-ERROR-52-My_log.py-登录-[日志信息]-点击元素失败
2019-04-24 17:38:14,524-ERROR-52-My_log.py-投标-[日志信息]-点击投标失败
2019-04-24 17:38:14,530-ERROR-52-My_log.py-登录-[日志信息]-截图失败
2019-04-24 17:40:12,551-INFO-46-My_log.py-投标-[日志信息]-点击抢投标成功
2019-04-24 17:40:12,637-INFO-46-My_log.py-投标-[日志信息]-输入金额成功
2019-04-24 17:40:12,729-INFO-46-My_log.py-投标-[日志信息]-点击投标成功
2019-04-24 17:41:22,534-INFO-46-My_log.py-投标-[日志信息]-点击抢投标成功
2019-04-24 17:41:22,736-INFO-46-My_log.py-投标-[日志信息]-输入金额成功
2019-04-24 17:42:07,069-ERROR-52-My_log.py-登录-[日志信息]-延时等待超时
2019-04-24 17:44:42,503-ERROR-52-My_log.py-登录-[日志信息]-延时等待超时
2019-04-24 17:45:31,978-ERROR-52-My_log.py-登录-[日志信息]-延时等待超时
2019-04-24 17:46:39,199-INFO-46-My_log.py-投标-[日志信息]-点击抢投标成功
2019-04-24 17:46:39,422-INFO-46-My_log.py-投标-[日志信息]-输入金额成功
2019-04-24 17:46:59,753-ERROR-52-My_log.py-登录-[日志信息]-延时等待超时
2019-04-24 17:50:07,518-INFO-46-My_log.py-投标-[日志信息]-点击抢投标成功
2019-04-24 17:50:07,676-INFO-46-My_log.py-投标-[日志信息]-输入金额成功
2019-04-24 17:50:07,764-INFO-46-My_log.py-投标-[日志信息]-点击投标成功
2019-04-24 18:14:44,715-INFO-46-My_log.py-投标-[日志信息]-点击抢投标成功
2019-04-24 18:14:44,860-INFO-46-My_log.py-投标-[日志信息]-输入金额成功
2019-04-24 18:15:04,885-ERROR-52-My_log.py-登录-[日志信息]-延时等待超时
2019-04-24 18:15:04,896-ERROR-52-My_log.py-投标-[日志信息]-点击投标失败
2019-04-24 18:15:04,910-ERROR-52-My_log.py-登录-[日志信息]-截图失败
2019-04-24 18:16:15,838-INFO-46-My_log.py-投标-[日志信息]-点击抢投标成功
2019-04-24 18:16:15,998-INFO-46-My_log.py-投标-[日志信息]-输入金额成功
2019-04-24 18:16:16,080-INFO-46-My_log.py-投标-[日志信息]-点击投标成功
2019-04-24 18:16:37,062-ERROR-52-My_log.py-登录-[日志信息]-延时等待超时
2019-04-24 18:16:37,077-ERROR-52-My_log.py-投标-[日志信息]-点击抢投标失败
2019-04-24 18:16:37,093-ERROR-52-My_log.py-登录-[日志信息]-截图失败
2019-04-24 18:16:57,197-ERROR-52-My_log.py-登录-[日志信息]-延时等待超时
2019-04-24 18:16:57,211-ERROR-52-My_log.py-投标-[日志信息]-点击抢投标失败
2019-04-24 18:16:57,226-ERROR-52-My_log.py-登录-[日志信息]-截图失败
2019-04-24 18:26:14,695-INFO-46-My_log.py-投标-[日志信息]-点击抢投标成功
2019-04-24 18:26:14,860-INFO-46-My_log.py-投标-[日志信息]-输入金额成功
2019-04-24 18:26:15,000-INFO-46-My_log.py-投标-[日志信息]-点击投标成功
2019-04-24 18:26:35,767-ERROR-52-My_log.py-登录-[日志信息]-延时等待超时
2019-04-24 18:26:56,007-ERROR-52-My_log.py-登录-[日志信息]-延时等待超时
2019-04-24 18:26:56,023-ERROR-52-My_log.py-投标-[日志信息]-点击抢投标失败
2019-04-24 18:26:56,040-ERROR-52-My_log.py-登录-[日志信息]-截图失败
2019-04-24 18:27:16,214-ERROR-52-My_log.py-登录-[日志信息]-延时等待超时
2019-04-24 18:27:16,219-ERROR-52-My_log.py-投标-[日志信息]-点击抢投标失败
2019-04-24 18:27:16,223-ERROR-52-My_log.py-登录-[日志信息]-截图失败
