2019-04-23 15:17:38,706-ERROR-52-My_log.py-登录日志-[日志信息]-提示显示错误
2019-04-23 15:17:39,067-ERROR-52-My_log.py-登录日志-[日志信息]-提示显示错误
2019-04-23 15:17:39,269-ERROR-52-My_log.py-登录日志-[日志信息]-提示显示错误
2019-04-23 15:18:01,865-INFO-46-My_log.py-登录日志-[日志信息]-登录成功
2019-04-23 15:18:22,203-ERROR-52-My_log.py-登录-[日志信息]-延时等待超时
2019-04-23 15:45:16,071-ERROR-52-My_log.py-登录日志-[日志信息]-提示显示错误
2019-04-23 15:45:16,332-ERROR-52-My_log.py-登录日志-[日志信息]-提示显示错误
2019-04-23 15:45:16,553-ERROR-52-My_log.py-登录日志-[日志信息]-提示显示错误
2019-04-23 15:49:40,009-ERROR-52-My_log.py-登录日志-[日志信息]-提示显示错误
2019-04-23 15:49:40,277-ERROR-52-My_log.py-登录日志-[日志信息]-提示显示错误
2019-04-23 15:49:40,494-ERROR-52-My_log.py-登录日志-[日志信息]-提示显示错误
2019-04-23 15:50:56,373-INFO-46-My_log.py-登录日志-[日志信息]-提示显示正确
2019-04-23 15:50:56,581-INFO-46-My_log.py-登录日志-[日志信息]-提示显示正确
2019-04-23 15:50:56,777-INFO-46-My_log.py-登录日志-[日志信息]-提示显示正确
2019-04-23 15:51:40,252-INFO-46-My_log.py-登录日志-[日志信息]-登录成功
2019-04-23 15:52:05,232-ERROR-52-My_log.py-登录-[日志信息]-延时等待超时
2019-04-23 16:01:10,624-ERROR-52-My_log.py-登录日志-[日志信息]-登录失败
2019-04-23 16:01:30,943-ERROR-52-My_log.py-登录-[日志信息]-延时等待超时
2019-04-23 16:04:20,897-ERROR-52-My_log.py-登录日志-[日志信息]-登录失败
2019-04-23 16:04:41,185-ERROR-52-My_log.py-登录-[日志信息]-延时等待超时
2019-04-23 16:05:02,130-INFO-46-My_log.py-登录日志-[日志信息]-登录成功
2019-04-23 16:14:25,874-INFO-46-My_log.py-登录日志-[日志信息]-登录成功
2019-04-23 16:25:00,344-INFO-46-My_log.py-登录日志-[日志信息]-提示显示正确
2019-04-23 16:25:00,575-INFO-46-My_log.py-登录日志-[日志信息]-提示显示正确
2019-04-23 16:25:00,795-INFO-46-My_log.py-登录日志-[日志信息]-提示显示正确
2019-04-23 16:25:50,925-INFO-46-My_log.py-登录日志-[日志信息]-提示显示正确
2019-04-23 16:25:51,170-INFO-46-My_log.py-登录日志-[日志信息]-提示显示正确
2019-04-23 16:25:51,400-INFO-46-My_log.py-登录日志-[日志信息]-提示显示正确
2019-04-23 16:25:51,832-INFO-46-My_log.py-登录日志-[日志信息]-登录成功
2019-04-23 17:13:27,545-INFO-46-My_log.py-登录日志-[日志信息]-提示显示正确
2019-04-23 17:13:34,647-INFO-46-My_log.py-登录日志-[日志信息]-提示显示正确
2019-04-23 17:13:41,643-INFO-46-My_log.py-登录日志-[日志信息]-提示显示正确
2019-04-23 17:16:54,485-INFO-46-My_log.py-投标-[日志信息]-点击抢投标成功
2019-04-23 17:16:54,566-INFO-46-My_log.py-投标-[日志信息]-输入金额成功
2019-04-23 17:16:54,687-INFO-46-My_log.py-投标-[日志信息]-输入金额成功
2019-04-23 17:16:54,756-INFO-46-My_log.py-投标-[日志信息]-点击投标成功
2019-04-23 17:17:15,643-ERROR-52-My_log.py-登录-[日志信息]-延时等待超时
2019-04-23 17:17:15,653-ERROR-52-My_log.py-投标-[日志信息]-点击抢投标失败
2019-04-23 17:17:15,661-ERROR-52-My_log.py-登录-[日志信息]-截图失败
2019-04-23 17:17:40,242-ERROR-52-My_log.py-登录-[日志信息]-延时等待超时
2019-04-23 17:17:45,102-INFO-46-My_log.py-登录日志-[日志信息]-提示显示正确
2019-04-23 17:17:52,422-INFO-46-My_log.py-登录日志-[日志信息]-提示显示正确
2019-04-23 17:18:00,235-INFO-46-My_log.py-登录日志-[日志信息]-提示显示正确
2019-04-23 17:20:26,508-ERROR-52-My_log.py-登录-[日志信息]-延时等待超时
2019-04-23 17:20:31,407-INFO-46-My_log.py-登录日志-[日志信息]-提示显示正确
2019-04-23 17:20:38,646-INFO-46-My_log.py-登录日志-[日志信息]-提示显示正确
2019-04-23 17:20:46,472-INFO-46-My_log.py-登录日志-[日志信息]-提示显示正确
2019-04-23 17:48:30,419-INFO-46-My_log.py-登录日志-[日志信息]-登录成功
2019-04-23 17:48:54,976-ERROR-52-My_log.py-登录-[日志信息]-延时等待超时
2019-04-23 18:09:20,499-ERROR-52-My_log.py-登录-[日志信息]-延时等待超时
2019-04-23 18:09:29,463-ERROR-52-My_log.py-登录-[日志信息]-延时等待超时
2019-04-23 18:09:39,355-ERROR-52-My_log.py-登录-[日志信息]-延时等待超时
2019-04-23 18:10:01,777-ERROR-52-My_log.py-登录-[日志信息]-延时等待超时
2019-04-23 18:10:11,010-ERROR-52-My_log.py-登录-[日志信息]-延时等待超时
2019-04-23 18:15:32,715-ERROR-52-My_log.py-登录-[日志信息]-延时等待超时
2019-04-23 18:15:42,673-ERROR-52-My_log.py-登录-[日志信息]-延时等待超时
2019-04-23 18:15:52,546-ERROR-52-My_log.py-登录-[日志信息]-延时等待超时
2019-04-23 18:16:02,545-ERROR-52-My_log.py-登录-[日志信息]-延时等待超时
2019-04-23 18:16:05,362-ERROR-52-My_log.py-登录-[日志信息]-延时等待超时
2019-04-23 18:17:58,175-ERROR-52-My_log.py-登录-[日志信息]-延时等待超时
2019-04-23 18:18:07,089-ERROR-52-My_log.py-登录-[日志信息]-延时等待超时
